{ Using PSTWRITER 17.2.0 d001Dec-17-2021 at 11:27:15 }

#1 WARNING(ORCAP-36038): "No_connect" property on Pin "J5.9" ignored for J5: MAIN, 03 IEM608 (271.78, 147.32). Connecting pin to net "N17265849".
#2 WARNING(ORCAP-36038): "No_connect" property on Pin "J5.12" ignored for J5: MAIN, 03 IEM608 (271.78, 147.32). Connecting pin to net "N17266008".
#3 WARNING(ORCAP-36038): "No_connect" property on Pin "U11.9" ignored for U11: MAIN, 03 IEM608 (40.64, 48.26). Connecting pin to net "SPEED6".
#4 WARNING(ORCAP-36038): "No_connect" property on Pin "J7.10" ignored for J7: MAIN, 03 IEM608 (368.30, 55.88). Connecting pin to net "SPEED6".
#5 WARNING(ORCAP-36038): "No_connect" property on Pin "J2.9" ignored for J2: MAIN, 03 IEM608 (271.78, 10.16). Connecting pin to net "N17243835".
#6 WARNING(ORCAP-36038): "No_connect" property on Pin "J2.12" ignored for J2: MAIN, 03 IEM608 (271.78, 10.16). Connecting pin to net "N17244260".
#7 WARNING(ORCAP-36038): "No_connect" property on Pin "J5.11" ignored for J5: MAIN, 03 IEM608 (271.78, 147.32). Connecting pin to net "LINK4".
#8 WARNING(ORCAP-36038): "No_connect" property on Pin "U11.11" ignored for U11: MAIN, 03 IEM608 (40.64, 48.26). Connecting pin to net "SPEED5".
#9 WARNING(ORCAP-36038): "No_connect" property on Pin "J6.10" ignored for J6: MAIN, 03 IEM608 (368.30, 10.16). Connecting pin to net "SPEED5".
#10 WARNING(ORCAP-36038): "No_connect" property on Pin "J6.11" ignored for J6: MAIN, 03 IEM608 (368.30, 10.16). Connecting pin to net "LINK5".
#11 WARNING(ORCAP-36038): "No_connect" property on Pin "J7.11" ignored for J7: MAIN, 03 IEM608 (368.30, 55.88). Connecting pin to net "LINK6".
#12 WARNING(ORCAP-36038): "No_connect" property on Pin "J3.11" ignored for J3: MAIN, 03 IEM608 (271.78, 55.88). Connecting pin to net "LINK2".
#13 WARNING(ORCAP-36038): "No_connect" property on Pin "J2.11" ignored for J2: MAIN, 03 IEM608 (271.78, 10.16). Connecting pin to net "LINK1".
#14 WARNING(ORCAP-36038): "No_connect" property on Pin "MH3.1" ignored for MH3: MAIN, 03 IEM608 (142.24, 187.96). Connecting pin to net "GND_EARTH".
#15 WARNING(ORCAP-36038): "No_connect" property on Pin "MH1.1" ignored for MH1: MAIN, 03 IEM608 (162.56, 200.66). Connecting pin to net "GND_EARTH".
#16 WARNING(ORCAP-36038): "No_connect" property on Pin "MH4.1" ignored for MH4: MAIN, 03 IEM608 (162.56, 187.96). Connecting pin to net "GND_EARTH".
#17 WARNING(ORCAP-36038): "No_connect" property on Pin "J4.11" ignored for J4: MAIN, 03 IEM608 (271.78, 101.60). Connecting pin to net "LINK3".
#18 WARNING(ORCAP-36038): "No_connect" property on Pin "J4.10" ignored for J4: MAIN, 03 IEM608 (271.78, 101.60). Connecting pin to net "SPEED3".
#19 WARNING(ORCAP-36038): "No_connect" property on Pin "J9.9" ignored for J9: MAIN, 03 IEM608 (368.30, 147.32). Connecting pin to net "N17268538".
#20 WARNING(ORCAP-36038): "No_connect" property on Pin "J7.9" ignored for J7: MAIN, 03 IEM608 (368.30, 55.88). Connecting pin to net "N17268110".
#21 WARNING(ORCAP-36038): "No_connect" property on Pin "J8.9" ignored for J8: MAIN, 03 IEM608 (368.30, 101.60). Connecting pin to net "N17268324".
#22 WARNING(ORCAP-36038): "No_connect" property on Pin "J9.12" ignored for J9: MAIN, 03 IEM608 (368.30, 147.32). Connecting pin to net "N17268697".
#23 WARNING(ORCAP-36038): "No_connect" property on Pin "J3.9" ignored for J3: MAIN, 03 IEM608 (271.78, 55.88). Connecting pin to net "N17264393".
#24 WARNING(ORCAP-36038): "No_connect" property on Pin "J6.9" ignored for J6: MAIN, 03 IEM608 (368.30, 10.16). Connecting pin to net "N17267896".
#25 WARNING(ORCAP-36038): "No_connect" property on Pin "J3.12" ignored for J3: MAIN, 03 IEM608 (271.78, 55.88). Connecting pin to net "N17264552".
#26 WARNING(ORCAP-36038): "No_connect" property on Pin "J6.12" ignored for J6: MAIN, 03 IEM608 (368.30, 10.16). Connecting pin to net "N17268055".
#27 WARNING(ORCAP-36038): "No_connect" property on Pin "U11.117" ignored for U11: MAIN, 03 IEM608 (40.64, 48.26). Connecting pin to net "7_RXN".
#28 WARNING(ORCAP-36038): "No_connect" property on Pin "J7.12" ignored for J7: MAIN, 03 IEM608 (368.30, 55.88). Connecting pin to net "N17268269".
#29 WARNING(ORCAP-36038): "No_connect" property on Pin "U11.118" ignored for U11: MAIN, 03 IEM608 (40.64, 48.26). Connecting pin to net "7_RXP".
#30 WARNING(ORCAP-36038): "No_connect" property on Pin "U11.119" ignored for U11: MAIN, 03 IEM608 (40.64, 48.26). Connecting pin to net "7_TXN".
#31 WARNING(ORCAP-36038): "No_connect" property on Pin "U11.120" ignored for U11: MAIN, 03 IEM608 (40.64, 48.26). Connecting pin to net "7_TXP".
#32 WARNING(ORCAP-36038): "No_connect" property on Pin "J8.12" ignored for J8: MAIN, 03 IEM608 (368.30, 101.60). Connecting pin to net "N17268483".
#33 WARNING(ORCAP-36038): "No_connect" property on Pin "U11.121" ignored for U11: MAIN, 03 IEM608 (40.64, 48.26). Connecting pin to net "8_TXP".
#34 WARNING(ORCAP-36038): "No_connect" property on Pin "U11.122" ignored for U11: MAIN, 03 IEM608 (40.64, 48.26). Connecting pin to net "8_TXN".
#35 WARNING(ORCAP-36038): "No_connect" property on Pin "U11.123" ignored for U11: MAIN, 03 IEM608 (40.64, 48.26). Connecting pin to net "8_RXP".
#36 WARNING(ORCAP-36038): "No_connect" property on Pin "U11.124" ignored for U11: MAIN, 03 IEM608 (40.64, 48.26). Connecting pin to net "8_RXN".
#37 WARNING(ORCAP-36038): "No_connect" property on Pin "U11.8" ignored for U11: MAIN, 03 IEM608 (40.64, 48.26). Connecting pin to net "LINK7".
#38 WARNING(ORCAP-36038): "No_connect" property on Pin "J8.11" ignored for J8: MAIN, 03 IEM608 (368.30, 101.60). Connecting pin to net "LINK7".
#39 WARNING(ORCAP-36038): "No_connect" property on Pin "U11.6" ignored for U11: MAIN, 03 IEM608 (40.64, 48.26). Connecting pin to net "LINK8".
#40 WARNING(ORCAP-36038): "No_connect" property on Pin "J9.11" ignored for J9: MAIN, 03 IEM608 (368.30, 147.32). Connecting pin to net "LINK8".
#41 WARNING(ORCAP-36038): "No_connect" property on Pin "J2.10" ignored for J2: MAIN, 03 IEM608 (271.78, 10.16). Connecting pin to net "SPEED1".
#42 WARNING(ORCAP-36038): "No_connect" property on Pin "U11.19" ignored for U11: MAIN, 03 IEM608 (40.64, 48.26). Connecting pin to net "SPEED1".
#43 WARNING(ORCAP-36038): "No_connect" property on Pin "U11.17" ignored for U11: MAIN, 03 IEM608 (40.64, 48.26). Connecting pin to net "SPEED2".
#44 WARNING(ORCAP-36038): "No_connect" property on Pin "J3.10" ignored for J3: MAIN, 03 IEM608 (271.78, 55.88). Connecting pin to net "SPEED2".
#45 WARNING(ORCAP-36038): "No_connect" property on Pin "U11.13" ignored for U11: MAIN, 03 IEM608 (40.64, 48.26). Connecting pin to net "SPEED4".
#46 WARNING(ORCAP-36038): "No_connect" property on Pin "J5.10" ignored for J5: MAIN, 03 IEM608 (271.78, 147.32). Connecting pin to net "SPEED4".
#47 WARNING(ORCAP-36038): "No_connect" property on Pin "U11.7" ignored for U11: MAIN, 03 IEM608 (40.64, 48.26). Connecting pin to net "SPEED7".
#48 WARNING(ORCAP-36038): "No_connect" property on Pin "J8.10" ignored for J8: MAIN, 03 IEM608 (368.30, 101.60). Connecting pin to net "SPEED7".
#49 WARNING(ORCAP-36038): "No_connect" property on Pin "U11.5" ignored for U11: MAIN, 03 IEM608 (40.64, 48.26). Connecting pin to net "SPEED8".
#50 WARNING(ORCAP-36038): "No_connect" property on Pin "J9.10" ignored for J9: MAIN, 03 IEM608 (368.30, 147.32). Connecting pin to net "SPEED8".
#51 WARNING(ORCAP-36038): "No_connect" property on Pin "U11.41" ignored for U11: MAIN, 03 IEM608 (40.64, 48.26). Connecting pin to net "ALARM_LED".
#52 WARNING(ORCAP-36038): "No_connect" property on Pin "J4.9" ignored for J4: MAIN, 03 IEM608 (271.78, 101.60). Connecting pin to net "N17265098".
#53 WARNING(ORCAP-36038): "No_connect" property on Pin "J4.12" ignored for J4: MAIN, 03 IEM608 (271.78, 101.60). Connecting pin to net "N17265257".
#54 WARNING(ORCAP-36006): Part Name "TMP_154254_C7343E_100UF_10V_7343" is renamed to "TMP_154254_C7343E_100UF_10V_734".
#55 WARNING(ORCAP-36006): Part Name "XL-2012SURUGC_XL-2012SURUGC_XL-2012SURUGC" is renamed to "XL-2012SURUGC_XL-2012SURUGC_XL-".
#56 WARNING(ORCAP-36006): Part Name "CON_RJ45_1X8_F_RA_0_HR911105A_HR911105A" is renamed to "CON_RJ45_1X8_F_RA_0_HR911105A_H".
#57 WARNING(ORCAP-36006): Part Name "SWITCH-SPST-4P_K2-1112SW-A4SW-04_K2-1112SW-A4SW-04" is renamed to "SWITCH-SPST-4P_K2-1112SW-A4SW-0".
#58 WARNING(ORCAP-36006): Part Name "TPD4E1U06DBVR_SOT363_TPD4E1U06DCKR" is renamed to "TPD4E1U06DBVR_SOT363_TPD4E1U06D".
#59 WARNING(ORCAP-36006): Part Name "TPS54340DDAR_SOIC8-3R10X2R40_TPS54340BDDAR" is renamed to "TPS54340DDAR_SOIC8-3R10X2R40_TP".
INFO(ORCAP-36080): Scanning netlist files ...

Loading... G:\github\MBED-TOOLS\HARDWARE\IEM608_V10_211216\SCH\allegro/pstchip.dat

Loading... G:\github\MBED-TOOLS\HARDWARE\IEM608_V10_211216\SCH\allegro/pstchip.dat

Loading... G:\github\MBED-TOOLS\HARDWARE\IEM608_V10_211216\SCH\allegro/pstchip.dat

Loading... G:\github\MBED-TOOLS\HARDWARE\IEM608_V10_211216\SCH\allegro/pstxnet.dat
packaging the design view...