{ Using PSTWRITER 17.2.0 d001Jan-11-2023 at 19:13:28 }

#1 WARNING(ORCAP-36038): "No_connect" property on Pin "USB1.10" ignored for USB1: MAIN, 03 USBHUB (370.84, 53.34). Connecting pin to net "N17503759".
#2 WARNING(ORCAP-36038): "No_connect" property on Pin "J4.9" ignored for J4: MAIN, 03 USBHUB (373.38, 205.74). Connecting pin to net "VCC_3.3V".
#3 WARNING(ORCAP-36038): "No_connect" property on Pin "J4.12" ignored for J4: MAIN, 03 USBHUB (373.38, 205.74). Connecting pin to net "VCC_3.3V".
#4 WARNING(ORCAP-36038): "No_connect" property on Pin "J6.8" ignored for J6: MAIN, 04 IO (127.00, 99.06). Connecting pin to net "VCC_3.3V".
#5 WARNING(ORCAP-36038): "No_connect" property on Pin "J7.5" ignored for J7: MAIN, 04 IO (124.46, 157.48). Connecting pin to net "VCC_3.3V".
#6 WARNING(ORCAP-36038): "No_connect" property on Pin "J4.11" ignored for J4: MAIN, 03 USBHUB (373.38, 205.74). Connecting pin to net "N17459440".
#7 WARNING(ORCAP-36038): "No_connect" property on Pin "J4.10" ignored for J4: MAIN, 03 USBHUB (373.38, 205.74). Connecting pin to net "N17459522".
#8 WARNING(ORCAP-36038): "No_connect" property on Pin "MH4.1" ignored for MH4: MAIN, 03 USBHUB (203.20, 238.76). Connecting pin to net "GND".
#9 WARNING(ORCAP-36038): "No_connect" property on Pin "MH1.1" ignored for MH1: MAIN, 03 USBHUB (228.60, 238.76). Connecting pin to net "GND".
#10 WARNING(ORCAP-36038): "No_connect" property on Pin "MH3.1" ignored for MH3: MAIN, 03 USBHUB (228.60, 256.54). Connecting pin to net "GND".
#11 WARNING(ORCAP-36038): "No_connect" property on Pin "MH6.1" ignored for MH6: MAIN, 03 USBHUB (254.00, 238.76). Connecting pin to net "GND".
#12 WARNING(ORCAP-36038): "No_connect" property on Pin "MH5.1" ignored for MH5: MAIN, 03 USBHUB (254.00, 256.54). Connecting pin to net "GND".
#13 WARNING(ORCAP-36006): Part Name "CAPT_100UF_3528_6R3V_10%_LXXXX_CAP-2R5-6R3X7_470UF_6V3" is renamed to "CAPT_100UF_3528_6R3V_10%_LXXXX_".
#14 WARNING(ORCAP-36006): Part Name "CONN RCPT 6_DB2ERC-2R54-6P-GN_DB2ERC-2.54-6P-GN" is renamed to "CONN RCPT 6_DB2ERC-2R54-6P-GN_D".
#15 WARNING(ORCAP-36006): Part Name "CONN RCPT 4_CN1X4-2P54-Z_CN1X4-2P54-Z" is renamed to "CONN RCPT 4_CN1X4-2P54-Z_CN1X4-".
#16 WARNING(ORCAP-36006): Part Name "CON_RJ45_1X8_F_RA_0_HR911105A_HR911105A" is renamed to "CON_RJ45_1X8_F_RA_0_HR911105A_H".
#17 WARNING(ORCAP-36006): Part Name "K3-1208S-E1_K3-1208S-E1_K3-1208S-E1" is renamed to "K3-1208S-E1_K3-1208S-E1_K3-1208".
#18 WARNING(ORCAP-36006): Part Name "744822222_0_WCM3216_DLW31SN222SQ2L" is renamed to "744822222_0_WCM3216_DLW31SN222S".
#19 WARNING(ORCAP-36006): Part Name "IND_BEAD_0805_600OHM_1_L0420_FXL0420-1R5-M" is renamed to "IND_BEAD_0805_600OHM_1_L0420_FX".
#20 WARNING(ORCAP-36006): Part Name "IND_BEAD_0805_600OHM_1_L0805_GZ2012D101TF" is renamed to "IND_BEAD_0805_600OHM_1_L0805_GZ".
#21 WARNING(ORCAP-36006): Part Name "TPD4E1U06DBVR_SOT363_TPD4E1U06DCKR" is renamed to "TPD4E1U06DBVR_SOT363_TPD4E1U06D".
#22 WARNING(ORCAP-36006): Part Name "TS5A22362DGSR_VSSOP10_TS5A22362DGSR" is renamed to "TS5A22362DGSR_VSSOP10_TS5A22362".
#23 WARNING(ORCAP-36006): Part Name "CP2105_9_QFN24-4X4X0R5-2R7X2R7_CP2105" is renamed to "CP2105_9_QFN24-4X4X0R5-2R7X2R7_".
#24 WARNING(ORCAP-36006): Part Name "93LC66B-I/SN_SOIC8_93LC66A-I/SN/NI" is renamed to "93LC66B-I/SN_SOIC8_93LC66A-I/SN".
#25 WARNING(ORCAP-36006): Part Name "TPS63070RNMR_VQFN15-2R5X3R0X0R5_TPS63070RNMR" is renamed to "TPS63070RNMR_VQFN15-2R5X3R0X0R5".
#26 WARNING(ORCAP-36006): Part Name "LAN9514I-JZX_QFN64-9X9X0R5-7R3X7R3_LAN9514I-JZX" is renamed to "LAN9514I-JZX_QFN64-9X9X0R5-7R3X".
#27 WARNING(ORCAP-36006): Part Name "TSX-3225_X-4P-3R2X2R5-SMD_X322525MSB4SI" is renamed to "TSX-3225_X-4P-3R2X2R5-SMD_X3225".
#28 WARNING(ORCAP-36006): Part Name "MAX3485ESA_0_SOIC8_SP3490EN-L/TR" is renamed to "MAX3485ESA_0_SOIC8_SP3490EN-L/T".
#29 WARNING(ORCAP-36006): Part Name "CA-IS3642HW_SOIC16_300_CA-IS3642HW" is renamed to "CA-IS3642HW_SOIC16_300_CA-IS364".
#30 WARNING(ORCAP-36006): Part Name "TYPE-C_16P_TYPE-C-31-M-12_TYPE-C-31-M-12" is renamed to "TYPE-C_16P_TYPE-C-31-M-12_TYPE-".
#31 WARNING(ORCAP-36006): Part Name "USB-A-DOUBLE_USB-A-DOUBLE_USB-A-DOUBLE" is renamed to "USB-A-DOUBLE_USB-A-DOUBLE_USB-A".
INFO(ORCAP-36080): Scanning netlist files ...

Loading... G:\github\MBED-TOOLS\HARDWARE\HY_UART_DBUG_V20_230103\SCH\ALLEGRO/pstchip.dat

Loading... G:\github\MBED-TOOLS\HARDWARE\HY_UART_DBUG_V20_230103\SCH\ALLEGRO/pstchip.dat

Loading... G:\github\MBED-TOOLS\HARDWARE\HY_UART_DBUG_V20_230103\SCH\ALLEGRO/pstchip.dat

Loading... G:\github\MBED-TOOLS\HARDWARE\HY_UART_DBUG_V20_230103\SCH\ALLEGRO/pstxnet.dat
packaging the design view...