{ Using PSTWRITER 17.2.0 d001Aug-11-2020 at 09:41:16 }

#1 WARNING(ORCAP-36038): "No_connect" property on Pin "USB1.10" ignored for USB1: MAIN, 03 HUB (360.68, 213.36). Connecting pin to net "N17394640".
#2 WARNING(ORCAP-36006): Part Name "CAPT_100UF_3528_6R3V_10%_LXXXX_CAP-2R5-6R3X7_470UF_6V3" is renamed to "CAPT_100UF_3528_6R3V_10%_LXXXX_".
#3 WARNING(ORCAP-36006): Part Name "K3-1208S-E1_K3-1208S-E1_K3-1208S-E1" is renamed to "K3-1208S-E1_K3-1208S-E1_K3-1208".
#4 WARNING(ORCAP-36006): Part Name "744822222_0_ACM2012_ACM2012-900-2P-T002" is renamed to "744822222_0_ACM2012_ACM2012-900".
#5 WARNING(ORCAP-36006): Part Name "TSX-3225_X-4P-3R2X2R5-SMD_NX3225GA-24MHZ" is renamed to "TSX-3225_X-4P-3R2X2R5-SMD_NX322".
#6 WARNING(ORCAP-36006): Part Name "SPX3819M5-L-1-2_SOT23-5_SPX3819M5-L-3-3/TR" is renamed to "SPX3819M5-L-1-2_SOT23-5_SPX3819".
#7 WARNING(ORCAP-36006): Part Name "CP2105_9_QFN24-4X4X0R5-2R7X2R7_CP2105" is renamed to "CP2105_9_QFN24-4X4X0R5-2R7X2R7_".
#8 WARNING(ORCAP-36006): Part Name "TPD4E1U06DBVR_SOT363_TPD4E1U06DCKR" is renamed to "TPD4E1U06DBVR_SOT363_TPD4E1U06D".
#9 WARNING(ORCAP-36006): Part Name "USB-C-24P_U261-24XN-4BS60_U261-24XN-4BS60" is renamed to "USB-C-24P_U261-24XN-4BS60_U261-".
#10 WARNING(ORCAP-36042): Pin "VDDA33" is renamed to "VDDA33#29" as visible power pin of same name already exists in Package USB2514B_QFN36_MIN , U8: MAIN, 03 HUB (55.88, 10.16).
#11 WARNING(ORCAP-36042): Pin "VDDA33" is renamed to "VDDA33#5" as visible power pin of same name already exists in Package USB2514B_QFN36_MIN , U8: MAIN, 03 HUB (55.88, 10.16).
#12 WARNING(ORCAP-36042): Pin "VDDA33" is renamed to "VDDA33#10" as visible power pin of same name already exists in Package USB2514B_QFN36_MIN , U8: MAIN, 03 HUB (55.88, 10.16).
#13 WARNING(ORCAP-36006): Part Name "TYPE-C_16P_TYPE-C-31-M-12_TYPE-C-31-M-12" is renamed to "TYPE-C_16P_TYPE-C-31-M-12_TYPE-".
INFO(ORCAP-36080): Scanning netlist files ...

Loading... H:\github\MBED-TOOLS\HARDWARE\HY_TYPEC_DBUG_V10B\SCH\allegro/pstchip.dat

Loading... H:\github\MBED-TOOLS\HARDWARE\HY_TYPEC_DBUG_V10B\SCH\allegro/pstchip.dat

Loading... H:\github\MBED-TOOLS\HARDWARE\HY_TYPEC_DBUG_V10B\SCH\allegro/pstchip.dat

Loading... H:\github\MBED-TOOLS\HARDWARE\HY_TYPEC_DBUG_V10B\SCH\allegro/pstxnet.dat
packaging the design view...